2017-03-24 07:32:52 CMaNGOS TBC/0.0 (* * - *) for Win64 (little-endian) [world-daemon]
2017-03-24 07:32:52 <Ctrl-C> to stop.
2017-03-24 07:32:52 

       _____     __  __       _   _  _____  ____   _____ 
      / ____|   |  \/  |     | \ | |/ ____|/ __ \ / ____|
     | |        | \  / |     |  \| | |  __  |  | | (___  
     | |ontinued| |\/| | __ _| . ` | | |_ | |  | |\___ \ 
     | |____    | |  | |/ _` | |\  | |__| | |__| |____) |
      \_____|   |_|  |_| (_| |_| \_|\_____|\____/ \____/ 
      http://cmangos.net\__,_|     Doing things right!


2017-03-24 07:32:52 Using configuration file mangosd.conf.
2017-03-24 07:32:52 World Database total connections: 2
2017-03-24 07:32:52 MySQL client library: 5.1.49
2017-03-24 07:32:52 MySQL server ver: 5.7.14 
2017-03-24 07:32:52 MySQL client library: 5.1.49
2017-03-24 07:32:52 MySQL server ver: 5.7.14 
2017-03-24 07:32:52 Character Database total connections: 2
2017-03-24 07:32:52 MySQL client library: 5.1.49
2017-03-24 07:32:52 MySQL server ver: 5.7.14 
2017-03-24 07:32:52 MySQL client library: 5.1.49
2017-03-24 07:32:52 MySQL server ver: 5.7.14 
2017-03-24 07:32:52 Login Database total connections: 2
2017-03-24 07:32:52 MySQL client library: 5.1.49
2017-03-24 07:32:52 MySQL server ver: 5.7.14 
2017-03-24 07:32:52 MySQL client library: 5.1.49
2017-03-24 07:32:52 MySQL server ver: 5.7.14 
2017-03-24 07:32:52 
2017-03-24 07:32:52 Realm running as realm ID 1
2017-03-24 07:32:52 
2017-03-24 07:32:52 Using World DB: TBC-DB 1.5.0 'PRE-RELEASE BUILD' for CMaNGOS-TBC
2017-03-24 07:32:52 Using creature EventAI: ACID 2.4.3 (The Burning Crusades) for CMaNGOS-TBC (2.4.3 Client)
2017-03-24 07:32:52 
2017-03-24 07:32:52 Using DataDir ./
2017-03-24 07:32:52 WORLD: VMap support included. LineOfSight:1, getHeight:1, indoorCheck:1
2017-03-24 07:32:52 WORLD: VMap data directory is: ./vmaps
2017-03-24 07:32:52 WORLD: MMap pathfinding enabled
2017-03-24 07:32:52 
2017-03-24 07:32:52 Loading MaNGOS strings...
2017-03-24 07:32:52 Loading texts from mangos_string
2017-03-24 07:32:52 >> Loaded 851 MaNGOS strings from table mangos_string
2017-03-24 07:32:52 
2017-03-24 07:32:52 Loading spell_template...
2017-03-24 07:32:53 >> Loaded 28355 spell_dbc records
2017-03-24 07:32:53 
2017-03-24 07:32:53 Initialize DBC data stores...
2017-03-24 07:32:53 >> Initialized 66 data stores
2017-03-24 07:32:53 
2017-03-24 07:32:53 Using enUS DBC Locale as default. All available DBC locales: enUS 
2017-03-24 07:32:53 
2017-03-24 07:32:53 Loading Script Names...
2017-03-24 07:32:53 >> Loaded 697 Script Names
2017-03-24 07:32:53 
2017-03-24 07:32:53 Loading WorldTemplate...
2017-03-24 07:32:54 >> Loaded 3 World Template definitions
2017-03-24 07:32:54 
2017-03-24 07:32:54 Loading InstanceTemplate...
2017-03-24 07:32:54 >> Loaded 58 Instance Template definitions
2017-03-24 07:32:54 
2017-03-24 07:32:54 Loading SkillLineAbilityMultiMap Data...
2017-03-24 07:32:54 >> Loaded 7025 SkillLineAbility MultiMap Data
2017-03-24 07:32:54 
2017-03-24 07:32:54 Loading SkillRaceClassInfoMultiMap Data...
2017-03-24 07:32:54 >> Loaded 168 SkillRaceClassInfo MultiMap Data
2017-03-24 07:32:54 
2017-03-24 07:32:54 Cleaning up instances...
2017-03-24 07:32:54 >> Instances cleaned up
2017-03-24 07:32:54 
2017-03-24 07:32:54 Packing instances...
2017-03-24 07:32:54 >> Instance numbers remapped, next instance id is 1
2017-03-24 07:32:54 
2017-03-24 07:32:54 Packing groups...
2017-03-24 07:32:54 >> Group Ids remapped, next group id is 1
2017-03-24 07:32:54 
2017-03-24 07:32:54 
2017-03-24 07:32:54 Loading Page Texts...
2017-03-24 07:32:54 >> Loaded 1430 page texts
2017-03-24 07:32:54 
2017-03-24 07:32:54 Loading Game Object Templates...
2017-03-24 07:32:54 >> Loaded 13774 game object templates
2017-03-24 07:32:54 
2017-03-24 07:32:54 Loading GameObject models...
2017-03-24 07:32:54 
2017-03-24 07:32:54 Loading Spell Chain Data...
2017-03-24 07:32:54 >> Loaded 3718 spell chain records (2300 from DBC data with 2 req field updates, and 1418 loaded from table)
2017-03-24 07:32:54 
2017-03-24 07:32:54 Loading Spell Elixir types...
2017-03-24 07:32:54 >> Loaded 106 spell elixir definitions
2017-03-24 07:32:54 
2017-03-24 07:32:54 Loading Spell Learn Skills...
2017-03-24 07:32:54 >> Loaded 78 Spell Learn Skills from DBC
2017-03-24 07:32:54 
2017-03-24 07:32:54 Loading Spell Learn Spells...
2017-03-24 07:32:54 >> Loaded 17 spell learn spells + 477 found in DBC
2017-03-24 07:32:54 
2017-03-24 07:32:54 Loading Spell Proc Event conditions...
2017-03-24 07:32:54 >> Loaded 331 extra spell proc event conditions +14 custom proc (inc. +8 custom ranks)
2017-03-24 07:32:54 
2017-03-24 07:32:54 Loading Spell Bonus Data...
2017-03-24 07:32:54 >> Loaded 135 extra spell bonus data
2017-03-24 07:32:54 
2017-03-24 07:32:54 Loading Spell Proc Item Enchant...
2017-03-24 07:32:54 >> Loaded 4 proc item enchant definitions
2017-03-24 07:32:54 
2017-03-24 07:32:54 Loading Aggro Spells Definitions...
2017-03-24 07:32:54 >> Loaded 151 spell threat entries
2017-03-24 07:32:54 
2017-03-24 07:32:54 Loading NPC Texts...
2017-03-24 07:32:54 >> Loaded 5887 npc texts
2017-03-24 07:32:54 
2017-03-24 07:32:54 Loading Item Random Enchantments Table...
2017-03-24 07:32:54 >> Loaded 28408 Item Enchantment definitions
2017-03-24 07:32:54 
2017-03-24 07:32:54 Loading Item Templates...
2017-03-24 07:32:55 ERROR:Item (Entry: 23247) has wrong ExtraFlags (2) with unused bits set
2017-03-24 07:32:55 ERROR:Item (Entry: 23379) has wrong ExtraFlags (2) with unused bits set
2017-03-24 07:32:55 >> Loaded 24985 item prototypes
2017-03-24 07:32:55 
2017-03-24 07:32:55 Loading Item Texts...
2017-03-24 07:32:55 
2017-03-24 07:32:55 >> Loaded 0 item pages
2017-03-24 07:32:55 Loading Creature Model Based Info Data...
2017-03-24 07:32:55 >> Loaded 17001 creature model based info
2017-03-24 07:32:55 
2017-03-24 07:32:55 Loading Equipment templates...
2017-03-24 07:32:55 >> Loaded 8368 equipment template
2017-03-24 07:32:55 
2017-03-24 07:32:55 >> Loaded 1091 equipment template (deprecated format)
2017-03-24 07:32:55 
2017-03-24 07:32:55 Loading Creature Stats...
2017-03-24 07:32:55 >> Found 225 creature stats definitions.
2017-03-24 07:32:55 
2017-03-24 07:32:55 Loading Creature templates...
2017-03-24 07:32:55 >> Loaded 18790 creature definitions
2017-03-24 07:32:55 
2017-03-24 07:32:55 Loading Creature template spells...
2017-03-24 07:32:55 >> Loaded 4408 creature_template_spells definitions
2017-03-24 07:32:55 
2017-03-24 07:32:55 Loading Creature Model for race...
2017-03-24 07:32:55 >> Loaded 13 creature_model_race entries
2017-03-24 07:32:55 
2017-03-24 07:32:55 Loading SpellsScriptTarget...
2017-03-24 07:32:55 ERROR:Table `spell_script_target`: spellId 38096 listed for TargetEntry 17886 does not exist.
2017-03-24 07:32:55 >> Loaded 1958 spell_script_target definitions
2017-03-24 07:32:55 
2017-03-24 07:32:55 Loading ItemRequiredTarget...
2017-03-24 07:32:55 >> Loaded 60 Item required targets
2017-03-24 07:32:55 
2017-03-24 07:32:55 Loading Reputation Reward Rates...
2017-03-24 07:32:55 >> Loaded 3 reputation_reward_rate
2017-03-24 07:32:55 
2017-03-24 07:32:55 Loading Creature Reputation OnKill Data...
2017-03-24 07:32:55 >> Loaded 1454 creature award reputation definitions
2017-03-24 07:32:55 
2017-03-24 07:32:55 Loading Reputation Spillover Data...
2017-03-24 07:32:55 >> Loaded 16 reputation_spillover_template
2017-03-24 07:32:55 
2017-03-24 07:32:55 Loading Points Of Interest Data...
2017-03-24 07:32:55 >> Loaded 379 Points of Interest definitions
2017-03-24 07:32:55 
2017-03-24 07:32:55 Loading Pet Create Spells...
2017-03-24 07:32:55 
2017-03-24 07:32:55 >> Loaded 8 pet create spells from table and 474 from DBC
2017-03-24 07:32:55 Loading Creature Data...
2017-03-24 07:32:56 ERROR:Table `creature` have creature (GUID: 140775 Entry: 8394) with `creature_template`.`RegenerateStats` & REGEN_FLAG_HEALTH and low current health (2762), `creature_template`.`MinLevelHealth`=2766.
2017-03-24 07:32:56 ERROR:Table `creature` have creature (GUID: 128984 Entry: 15353) with `creature_template`.`RegenerateStats` & REGEN_FLAG_HEALTH and low current health (1605), `creature_template`.`MinLevelHealth`=5100.
2017-03-24 07:32:56 ERROR:Table `creature` have creature (GUID: 190307 Entry: 15105) with `creature_template`.`RegenerateStats` & REGEN_FLAG_HEALTH and low current health (852), `creature_template`.`MinLevelHealth`=1605.
